app/build/intermediates/manifest_merge_blame_file/debug/processDebugMainManifest/manifest-merger-blame-debug-report.txt
1<?xml version="1.0" encoding="utf-8"?>
2<manifest xmlns:android="http://schemas.android.com/apk/res/android"
3    package="com.example.cs501clockin"
4    android:versionCode="1"
5    android:versionName="1.0" >
6
7    <uses-sdk
8        android:minSdkVersion="24"
9        android:targetSdkVersion="36" />
10
11    <uses-permission android:name="android.permission.INTERNET" />
11-->src/main/AndroidManifest.xml:5:5-67
11-->src/main/AndroidManifest.xml:5:22-64
12    <uses-permission android:name="android.permission.ACCESS_FINE_LOCATION" />
12-->src/main/AndroidManifest.xml:6:5-79
12-->src/main/AndroidManifest.xml:6:22-76
13
14    <permission
14-->[androidx.core:core:1.13.1] AndroidManifest.xml:22:5-24:47
15        android:name="com.example.cs501clockin.DYNAMIC_RECEIVER_NOT_EXPORTED_PERMISSION"
15-->[androidx.core:core:1.13.1] AndroidManifest.xml:23:9-81
16        android:protectionLevel="signature" />
16-->[androidx.core:core:1.13.1] AndroidManifest.xml:24:9-44
17
18    <uses-permission android:name="com.example.cs501clockin.DYNAMIC_RECEIVER_NOT_EXPORTED_PERMISSION" />
18-->[androidx.core:core:1.13.1] AndroidManifest.xml:26:5-97
18-->[androidx.core:core:1.13.1] AndroidManifest.xml:26:22-94
19
20    <application
20-->src/main/AndroidManifest.xml:8:5-29:19
21        android:name="com.example.cs501clockin.ClockInApp"
21-->src/main/AndroidManifest.xml:9:9-35
22        android:allowBackup="true"
22-->src/main/AndroidManifest.xml:10:9-35
23        android:appComponentFactory="androidx.core.app.CoreComponentFactory"
23-->[androidx.core:core:1.13.1] AndroidManifest.xml:28:18-86
24        android:dataExtractionRules="@xml/data_extraction_rules"
24-->src/main/AndroidManifest.xml:11:9-65
25        android:debuggable="true"
26        android:extractNativeLibs="false"
27        android:fullBackupContent="@xml/backup_rules"
27-->src/main/AndroidManifest.xml:12:9-54
28        android:icon="@mipmap/ic_launcher"
28-->src/main/AndroidManifest.xml:13:9-43
29        android:label="@string/app_name"
29-->src/main/AndroidManifest.xml:14:9-41
30        android:roundIcon="@mipmap/ic_launcher_round"
30-->src/main/AndroidManifest.xml:15:9-54
31        android:supportsRtl="true"
31-->src/main/AndroidManifest.xml:16:9-35
32        android:testOnly="true"
33        android:theme="@style/Theme.Cs501clockin" >
33-->src/main/AndroidManifest.xml:17:9-50
34        <activity
34-->src/main/AndroidManifest.xml:18:9-28:20
35            android:name="com.example.cs501clockin.MainActivity"
35-->src/main/AndroidManifest.xml:19:13-41
36            android:exported="true"
36-->src/main/AndroidManifest.xml:20:13-36
37            android:label="@string/app_name"
37-->src/main/AndroidManifest.xml:21:13-45
38            android:theme="@style/Theme.Cs501clockin" >
38-->src/main/AndroidManifest.xml:22:13-54
39            <intent-filter>
39-->src/main/AndroidManifest.xml:23:13-27:29
40                <action android:name="android.intent.action.MAIN" />
40-->src/main/AndroidManifest.xml:24:17-69
40-->src/main/AndroidManifest.xml:24:25-66
41
42                <category android:name="android.intent.category.LAUNCHER" />
42-->src/main/AndroidManifest.xml:26:17-77
42-->src/main/AndroidManifest.xml:26:27-74
43            </intent-filter>
44        </activity>
45        <activity
45-->[com.google.android.gms:play-services-base:18.5.0] AndroidManifest.xml:5:9-173
46            android:name="com.google.android.gms.common.api.GoogleApiActivity"
46-->[com.google.android.gms:play-services-base:18.5.0] AndroidManifest.xml:5:19-85
47            android:exported="false"
47-->[com.google.android.gms:play-services-base:18.5.0] AndroidManifest.xml:5:146-170
48            android:theme="@android:style/Theme.Translucent.NoTitleBar" />
48-->[com.google.android.gms:play-services-base:18.5.0] AndroidManifest.xml:5:86-145
49
50        <meta-data
50-->[com.google.android.gms:play-services-basement:18.4.0] AndroidManifest.xml:6:9-122
51            android:name="com.google.android.gms.version"
51-->[com.google.android.gms:play-services-basement:18.4.0] AndroidManifest.xml:6:20-65
52            android:value="@integer/google_play_services_version" />
52-->[com.google.android.gms:play-services-basement:18.4.0] AndroidManifest.xml:6:66-119
53
54        <provider
54-->[androidx.emoji2:emoji2:1.3.0] AndroidManifest.xml:24:9-32:20
55            android:name="androidx.startup.InitializationProvider"
55-->[androidx.emoji2:emoji2:1.3.0] AndroidManifest.xml:25:13-67
56            android:authorities="com.example.cs501clockin.androidx-startup"
56-->[androidx.emoji2:emoji2:1.3.0] AndroidManifest.xml:26:13-68
57            android:exported="false" >
57-->[androidx.emoji2:emoji2:1.3.0] AndroidManifest.xml:27:13-37
58            <meta-data
58-->[androidx.emoji2:emoji2:1.3.0] AndroidManifest.xml:29:13-31:52
59                android:name="androidx.emoji2.text.EmojiCompatInitializer"
59-->[androidx.emoji2:emoji2:1.3.0] AndroidManifest.xml:30:17-75
60                android:value="androidx.startup" />
60-->[androidx.emoji2:emoji2:1.3.0] AndroidManifest.xml:31:17-49
61            <meta-data
61-->[androidx.lifecycle:lifecycle-process:2.8.7] AndroidManifest.xml:29:13-31:52
62                android:name="androidx.lifecycle.ProcessLifecycleInitializer"
62-->[androidx.lifecycle:lifecycle-process:2.8.7] AndroidManifest.xml:30:17-78
63                android:value="androidx.startup" />
63-->[androidx.lifecycle:lifecycle-process:2.8.7] AndroidManifest.xml:31:17-49
64            <meta-data
64-->[androidx.profileinstaller:profileinstaller:1.3.1] AndroidManifest.xml:29:13-31:52
65                android:name="androidx.profileinstaller.ProfileInstallerInitializer"
65-->[androidx.profileinstaller:profileinstaller:1.3.1] AndroidManifest.xml:30:17-85
66                android:value="androidx.startup" />
66-->[androidx.profileinstaller:profileinstaller:1.3.1] AndroidManifest.xml:31:17-49
67        </provider>
68
69        <activity
69-->[androidx.compose.ui:ui-test-manifest:1.7.5] AndroidManifest.xml:23:9-25:39
70            android:name="androidx.activity.ComponentActivity"
70-->[androidx.compose.ui:ui-test-manifest:1.7.5] AndroidManifest.xml:24:13-63
71            android:exported="true" />
71-->[androidx.compose.ui:ui-test-manifest:1.7.5] AndroidManifest.xml:25:13-36
72        <activity
72-->[androidx.compose.ui:ui-tooling-android:1.7.5] AndroidManifest.xml:23:9-25:39
73            android:name="androidx.compose.ui.tooling.PreviewActivity"
73-->[androidx.compose.ui:ui-tooling-android:1.7.5] AndroidManifest.xml:24:13-71
74            android:exported="true" />
74-->[androidx.compose.ui:ui-tooling-android:1.7.5] AndroidManifest.xml:25:13-36
75
76        <service
76-->[androidx.room:room-runtime-android:2.7.0] AndroidManifest.xml:24:9-28:63
77            android:name="androidx.room.MultiInstanceInvalidationService"
77-->[androidx.room:room-runtime-android:2.7.0] AndroidManifest.xml:25:13-74
78            android:directBootAware="true"
78-->[androidx.room:room-runtime-android:2.7.0] AndroidManifest.xml:26:13-43
79            android:exported="false" />
79-->[androidx.room:room-runtime-android:2.7.0] AndroidManifest.xml:27:13-37
80
81        <receiver
81-->[androidx.profileinstaller:profileinstaller:1.3.1] AndroidManifest.xml:34:9-52:20
82            android:name="androidx.profileinstaller.ProfileInstallReceiver"
82-->[androidx.profileinstaller:profileinstaller:1.3.1] AndroidManifest.xml:35:13-76
83            android:directBootAware="false"
83-->[androidx.profileinstaller:profileinstaller:1.3.1] AndroidManifest.xml:36:13-44
84            android:enabled="true"
84-->[androidx.profileinstaller:profileinstaller:1.3.1] AndroidManifest.xml:37:13-35
85            android:exported="true"
85-->[androidx.profileinstaller:profileinstaller:1.3.1] AndroidManifest.xml:38:13-36
86            android:permission="android.permission.DUMP" >
86-->[androidx.profileinstaller:profileinstaller:1.3.1] AndroidManifest.xml:39:13-57
87            <intent-filter>
87-->[androidx.profileinstaller:profileinstaller:1.3.1] AndroidManifest.xml:40:13-42:29
88                <action android:name="androidx.profileinstaller.action.INSTALL_PROFILE" />
88-->[androidx.profileinstaller:profileinstaller:1.3.1] AndroidManifest.xml:41:17-91
88-->[androidx.profileinstaller:profileinstaller:1.3.1] AndroidManifest.xml:41:25-88
89            </intent-filter>
90            <intent-filter>
90-->[androidx.profileinstaller:profileinstaller:1.3.1] AndroidManifest.xml:43:13-45:29
91                <action android:name="androidx.profileinstaller.action.SKIP_FILE" />
91-->[androidx.profileinstaller:profileinstaller:1.3.1] AndroidManifest.xml:44:17-85
91-->[androidx.profileinstaller:profileinstaller:1.3.1] AndroidManifest.xml:44:25-82
92            </intent-filter>
93            <intent-filter>
93-->[androidx.profileinstaller:profileinstaller:1.3.1] AndroidManifest.xml:46:13-48:29
94                <action android:name="androidx.profileinstaller.action.SAVE_PROFILE" />
94-->[androidx.profileinstaller:profileinstaller:1.3.1] AndroidManifest.xml:47:17-88
94-->[androidx.profileinstaller:profileinstaller:1.3.1] AndroidManifest.xml:47:25-85
95            </intent-filter>
96            <intent-filter>
96-->[androidx.profileinstaller:profileinstaller:1.3.1] AndroidManifest.xml:49:13-51:29
97                <action android:name="androidx.profileinstaller.action.BENCHMARK_OPERATION" />
97-->[androidx.profileinstaller:profileinstaller:1.3.1] AndroidManifest.xml:50:17-95
97-->[androidx.profileinstaller:profileinstaller:1.3.1] AndroidManifest.xml:50:25-92
98            </intent-filter>
99        </receiver>
100    </application>
101
102</manifest>